{
  "RSpec": {
    "coverage": {
      "/home/mnetke/Downloads/blog_demo_rails5/app/controllers/comments_controller.rb": {
        "lines": [
          null,
          null,
          1,
          1,
          2,
          2,
          2,
          2,
          2,
          null,
          null,
          1,
          0,
          0,
          null,
          0,
          0,
          0,
          null,
          0,
          null,
          null,
          null
        ]
      },
      "/home/mnetke/Downloads/blog_demo_rails5/app/controllers/application_controller.rb": {
        "lines": [
          1,
          1,
          null
        ]
      },
      "/home/mnetke/Downloads/blog_demo_rails5/app/controllers/posts_controller.rb": {
        "lines": [
          null,
          null,
          1,
          1,
          null,
          null,
          null,
          1,
          1,
          null,
          null,
          null,
          null,
          1,
          null,
          null,
          1,
          1,
          null,
          null,
          null,
          1,
          null,
          null,
          null,
          1,
          3,
          null,
          3,
          3,
          3,
          4,
          2,
          null,
          2,
          1,
          null,
          null,
          null,
          null,
          null,
          null,
          1,
          3,
          3,
          4,
          2,
          null,
          2,
          1,
          null,
          null,
          null,
          null,
          null,
          null,
          1,
          2,
          2,
          2,
          4,
          2,
          null,
          null,
          0,
          null,
          null,
          null,
          1,
          null,
          null,
          null,
          null,
          1,
          7,
          null,
          null,
          null,
          1,
          6,
          null,
          null
        ]
      },
      "/home/mnetke/Downloads/blog_demo_rails5/app/models/comment.rb": {
        "lines": [
          null,
          null,
          1,
          1,
          1,
          null,
          1,
          9,
          null
        ]
      },
      "/home/mnetke/Downloads/blog_demo_rails5/app/models/post.rb": {
        "lines": [
          null,
          null,
          1,
          1,
          1,
          null,
          1,
          1,
          null,
          1,
          20,
          null
        ]
      },
      "/home/mnetke/Downloads/blog_demo_rails5/app/jobs/application_job.rb": {
        "lines": [
          0,
          0
        ],
        "branches": {
        }
      },
      "/home/mnetke/Downloads/blog_demo_rails5/app/helpers/users_helper.rb": {
        "lines": [
          0,
          0
        ],
        "branches": {
        }
      },
      "/home/mnetke/Downloads/blog_demo_rails5/app/helpers/posts_helper.rb": {
        "lines": [
          0,
          0
        ],
        "branches": {
        }
      },
      "/home/mnetke/Downloads/blog_demo_rails5/app/helpers/application_helper.rb": {
        "lines": [
          0,
          0
        ],
        "branches": {
        }
      },
      "/home/mnetke/Downloads/blog_demo_rails5/app/helpers/comments_helper.rb": {
        "lines": [
          0,
          0
        ],
        "branches": {
        }
      },
      "/home/mnetke/Downloads/blog_demo_rails5/app/mailers/application_mailer.rb": {
        "lines": [
          0,
          0,
          0,
          0
        ],
        "branches": {
        }
      },
      "/home/mnetke/Downloads/blog_demo_rails5/app/models/user.rb": {
        "lines": [
          0,
          null,
          null,
          0,
          0,
          null,
          0,
          null,
          0
        ],
        "branches": {
        }
      },
      "/home/mnetke/Downloads/blog_demo_rails5/app/models/application_record.rb": {
        "lines": [
          0,
          0,
          0
        ],
        "branches": {
        }
      },
      "/home/mnetke/Downloads/blog_demo_rails5/app/channels/application_cable/connection.rb": {
        "lines": [
          0,
          0,
          0,
          0
        ],
        "branches": {
        }
      },
      "/home/mnetke/Downloads/blog_demo_rails5/app/channels/application_cable/channel.rb": {
        "lines": [
          0,
          0,
          0,
          0
        ],
        "branches": {
        }
      }
    },
    "timestamp": 1584890701
  }
}
